Build started 3/1/2015 4:55:57 PM.
     1>Project "C:\Users\Administrator\Documents\Visual Studio 2013\Projects\StudioHub\StudioHub.vcxproj" on node 2 (Build target(s)).
     1>ClCompile:
         C:\Program Files (x86)\Microsoft Visual Studio 12.0\VC\bin\CL.exe /c /I.\GeneratedFiles /I. /IC:\Qt\5.4\msvc2013\include /I.\GeneratedFiles\Debug /IC:\Qt\5.4\msvc2013\include\QtCore /IC:\Qt\5.4\msvc2013\include\QtGui /IC:\Qt\5.4\msvc2013\include\QtSql /IC:\Qt\5.4\msvc2013\include\QtWidgets /Zi /nologo /W1 /WX- /Od /Oy- /D UNICODE /D WIN32 /D WIN64 /D QT_DLL /D QT_CORE_LIB /D QT_GUI_LIB /D QT_SQL_LIB /D QT_WIDGETS_LIB /Gm- /EHsc /MDd /GS /fp:precise /Zc:wchar_t /Zc:forScope /Fo"Debug\\" /Fd"Debug\vc120.pdb" /Gd /TP /analyze- /errorReport:prompt GeneratedFiles\Debug\moc_SH_LogInDialog.cpp GeneratedFiles\Debug\moc_SH_MainToolBar.cpp GeneratedFiles\Debug\moc_sh_mainwindow.cpp SH_LogInDialog.cpp SH_MainToolBar.cpp SH_User.cpp main.cpp sh_mainwindow.cpp
         moc_SH_LogInDialog.cpp
         moc_SH_MainToolBar.cpp
         moc_sh_mainwindow.cpp
         SH_LogInDialog.cpp
         SH_MainToolBar.cpp
         SH_User.cpp
         main.cpp
         sh_mainwindow.cpp
         Generating Code...
         C:\Program Files (x86)\Microsoft Visual Studio 12.0\VC\bin\CL.exe /c /I.\GeneratedFiles /I. /IC:\Qt\5.4\msvc2013\include /I.\GeneratedFiles\Debug /IC:\Qt\5.4\msvc2013\include\QtCore /IC:\Qt\5.4\msvc2013\include\QtGui /IC:\Qt\5.4\msvc2013\include\QtSql /IC:\Qt\5.4\msvc2013\include\QtWidgets /Zi /nologo /W1 /WX- /Od /Oy- /D UNICODE /D WIN32 /D WIN64 /D QT_DLL /D QT_CORE_LIB /D QT_GUI_LIB /D QT_SQL_LIB /D QT_WIDGETS_LIB /Gm- /EHsc /MDd /GS /fp:precise /Zc:wchar_t /Zc:forScope /Fo"Debug\\" /Fd"Debug\vc120.pdb" /Gd /TP /analyze- /errorReport:prompt GeneratedFiles\qrc_sh_mainwindow.cpp
         qrc_sh_mainwindow.cpp
       Link:
         C:\Program Files (x86)\Microsoft Visual Studio 12.0\VC\bin\link.exe /ERRORREPORT:PROMPT /OUT:"C:\Users\Administrator\Documents\Visual Studio 2013\Projects\StudioHub\Win32\Debug\\StudioHub.exe" /NOLOGO /LIBPATH:C:\Qt\5.4\msvc2013\lib qtmaind.lib Qt5Cored.lib Qt5Guid.lib Qt5Sqld.lib Qt5Widgetsd.lib kernel32.lib user32.lib gdi32.lib winspool.lib comdlg32.lib advapi32.lib shell32.lib ole32.lib oleaut32.lib uuid.lib odbc32.lib odbccp32.lib /MANIFEST /MANIFESTUAC:"level='asInvoker' uiAccess='false'" /manifest:embed /DEBUG /PDB:"C:\Users\Administrator\Documents\Visual Studio 2013\Projects\StudioHub\Win32\Debug\StudioHub.pdb" /SUBSYSTEM:WINDOWS /TLBID:1 /DYNAMICBASE /NXCOMPAT /IMPLIB:"C:\Users\Administrator\Documents\Visual Studio 2013\Projects\StudioHub\Win32\Debug\StudioHub.lib" /MACHINE:X86 /SAFESEH Debug\moc_SH_LogInDialog.obj
         Debug\moc_SH_MainToolBar.obj
         Debug\moc_sh_mainwindow.obj
         Debug\qrc_sh_mainwindow.obj
         Debug\main.obj
         Debug\SH_LogInDialog.obj
         Debug\SH_MainToolBar.obj
         Debug\sh_mainwindow.obj
         Debug\SH_User.obj
         StudioHub.vcxproj -> C:\Users\Administrator\Documents\Visual Studio 2013\Projects\StudioHub\Win32\Debug\StudioHub.exe
     1>Done Building Project "C:\Users\Administrator\Documents\Visual Studio 2013\Projects\StudioHub\StudioHub.vcxproj" (Build target(s)).

Build succeeded.

Time Elapsed 00:00:05.91
