c:\users\administrator\documents\visual studio 2013\projects\studiohub\studiohub\x64\debug\vc120.pdb
c:\users\administrator\documents\visual studio 2013\projects\studiohub\studiohub\x64\debug\sh_user.obj
c:\users\administrator\documents\visual studio 2013\projects\studiohub\studiohub\x64\debug\sh_secondarytoolbar.obj
c:\users\administrator\documents\visual studio 2013\projects\studiohub\studiohub\x64\debug\sh_mysqlconnector.obj
c:\users\administrator\documents\visual studio 2013\projects\studiohub\studiohub\x64\debug\sh_mainwindow.obj
c:\users\administrator\documents\visual studio 2013\projects\studiohub\studiohub\x64\debug\sh_logindialog.obj
c:\users\administrator\documents\visual studio 2013\projects\studiohub\studiohub\x64\debug\main.obj
c:\users\administrator\documents\visual studio 2013\projects\studiohub\studiohub\x64\debug\moc_sh_user.obj
c:\users\administrator\documents\visual studio 2013\projects\studiohub\studiohub\x64\debug\moc_sh_secondarytoolbar.obj
c:\users\administrator\documents\visual studio 2013\projects\studiohub\studiohub\x64\debug\moc_sh_mainwindow.obj
c:\users\administrator\documents\visual studio 2013\projects\studiohub\studiohub\x64\debug\moc_sh_logindialog.obj
c:\users\administrator\documents\visual studio 2013\projects\studiohub\studiohub\generatedfiles\ui_sh_mainwindow.h
c:\users\administrator\documents\visual studio 2013\projects\studiohub\studiohub\generatedfiles\qrc_sh_mainwindow.cpp
c:\users\administrator\documents\visual studio 2013\projects\studiohub\studiohub\generatedfiles\debug\moc_sh_logindialog.cpp
c:\users\administrator\documents\visual studio 2013\projects\studiohub\studiohub\generatedfiles\debug\moc_sh_maintoolbar.cpp
c:\users\administrator\documents\visual studio 2013\projects\studiohub\studiohub\generatedfiles\debug\moc_sh_mainwindow.cpp
c:\users\administrator\documents\visual studio 2013\projects\studiohub\studiohub\generatedfiles\debug\moc_sh_secondarytoolbar.cpp
c:\users\administrator\documents\visual studio 2013\projects\studiohub\studiohub\generatedfiles\debug\moc_sh_user.cpp
c:\users\administrator\documents\visual studio 2013\projects\studiohub\studiohub\x64\debug\studiohub.tlog\cl.command.1.tlog
c:\users\administrator\documents\visual studio 2013\projects\studiohub\studiohub\x64\debug\studiohub.tlog\cl.read.1.tlog
c:\users\administrator\documents\visual studio 2013\projects\studiohub\studiohub\x64\debug\studiohub.tlog\cl.write.1.tlog
c:\users\administrator\documents\visual studio 2013\projects\studiohub\studiohub\x64\debug\studiohub.tlog\custombuild.command.1.tlog
c:\users\administrator\documents\visual studio 2013\projects\studiohub\studiohub\x64\debug\studiohub.tlog\custombuild.read.1.tlog
c:\users\administrator\documents\visual studio 2013\projects\studiohub\studiohub\x64\debug\studiohub.tlog\custombuild.write.1.tlog
