Build started 3/1/2015 4:55:46 PM.
     1>Project "C:\Users\Administrator\Documents\Visual Studio 2013\Projects\StudioHub\StudioHub.vcxproj" on node 2 (Build target(s)).
     1>CustomBuild:
         Moc'ing sh_mainwindow.h...
         Uic'ing sh_mainwindow.ui...
         Moc'ing SH_MainToolBar.h...
         Rcc'ing sh_mainwindow.qrc...
         Moc'ing SH_LogInDialog.h...
     1>C:\Program Files (x86)\MSBuild\Microsoft.Cpp\v4.0\V120\Microsoft.CppBuild.targets(942,5): warning MSB8027: Two or more files with the name of moc_SH_MainToolBar.cpp will produce outputs to the same location. This can lead to an incorrect build result.  The files involved are GeneratedFiles\Debug\moc_SH_MainToolBar.cpp, GeneratedFiles\Release\moc_SH_MainToolBar.cpp.
       ClCompile:
         C:\Program Files (x86)\Microsoft Visual Studio 12.0\VC\bin\CL.exe /c /I.\GeneratedFiles /I. /IC:\Qt\5.4\msvc2013\include /I.\GeneratedFiles\Release /IC:\Qt\5.4\msvc2013\include\QtCore /IC:\Qt\5.4\msvc2013\include\QtGui /IC:\Qt\5.4\msvc2013\include\QtSql /IC:\Qt\5.4\msvc2013\include\QtWidgets /nologo /W1 /WX- /O2 /Oy- /D UNICODE /D WIN32 /D WIN64 /D QT_DLL /D QT_NO_DEBUG /D NDEBUG /D QT_CORE_LIB /D QT_GUI_LIB /D QT_SQL_LIB /D QT_WIDGETS_LIB /Gm- /EHsc /MD /GS /fp:precise /Zc:wchar_t /Zc:forScope /Fo"Release\\" /Fd"Release\vc120.pdb" /Gd /TP /analyze- /errorReport:prompt GeneratedFiles\Debug\moc_SH_MainToolBar.cpp GeneratedFiles\Release\moc_SH_LogInDialog.cpp GeneratedFiles\Release\moc_SH_MainToolBar.cpp GeneratedFiles\Release\moc_sh_mainwindow.cpp main.cpp SH_LogInDialog.cpp SH_MainToolBar.cpp sh_mainwindow.cpp SH_User.cpp
         moc_SH_MainToolBar.cpp
         moc_SH_LogInDialog.cpp
         moc_SH_MainToolBar.cpp
         moc_sh_mainwindow.cpp
         main.cpp
         SH_LogInDialog.cpp
         SH_MainToolBar.cpp
         sh_mainwindow.cpp
         SH_User.cpp
         Generating Code...
         C:\Program Files (x86)\Microsoft Visual Studio 12.0\VC\bin\CL.exe /c /I.\GeneratedFiles /I. /IC:\Qt\5.4\msvc2013\include /I.\GeneratedFiles\Release /IC:\Qt\5.4\msvc2013\include\QtCore /IC:\Qt\5.4\msvc2013\include\QtGui /IC:\Qt\5.4\msvc2013\include\QtSql /IC:\Qt\5.4\msvc2013\include\QtWidgets /nologo /W1 /WX- /O2 /Oy- /D UNICODE /D WIN32 /D WIN64 /D QT_DLL /D QT_NO_DEBUG /D NDEBUG /D QT_CORE_LIB /D QT_GUI_LIB /D QT_SQL_LIB /D QT_WIDGETS_LIB /Gm- /EHsc /MD /GS /fp:precise /Zc:wchar_t /Zc:forScope /Fo"Release\\" /Fd"Release\vc120.pdb" /Gd /TP /analyze- /errorReport:prompt GeneratedFiles\qrc_sh_mainwindow.cpp
         qrc_sh_mainwindow.cpp
       Link:
         C:\Program Files (x86)\Microsoft Visual Studio 12.0\VC\bin\link.exe /ERRORREPORT:PROMPT /OUT:"C:\Users\Administrator\Documents\Visual Studio 2013\Projects\StudioHub\Win32\Release\\StudioHub.exe" /NOLOGO /LIBPATH:C:\Qt\5.4\msvc2013\lib qtmain.lib Qt5Core.lib Qt5Gui.lib Qt5Sql.lib Qt5Widgets.lib kernel32.lib user32.lib gdi32.lib winspool.lib comdlg32.lib advapi32.lib shell32.lib ole32.lib oleaut32.lib uuid.lib odbc32.lib odbccp32.lib /MANIFEST /MANIFESTUAC:"level='asInvoker' uiAccess='false'" /manifest:embed /PDB:"C:\Users\Administrator\Documents\Visual Studio 2013\Projects\StudioHub\Win32\Release\StudioHub.pdb" /SUBSYSTEM:WINDOWS /TLBID:1 /DYNAMICBASE /NXCOMPAT /IMPLIB:"C:\Users\Administrator\Documents\Visual Studio 2013\Projects\StudioHub\Win32\Release\StudioHub.lib" /MACHINE:X86 /SAFESEH Release\moc_SH_MainToolBar.obj
         Release\qrc_sh_mainwindow.obj
         Release\moc_SH_LogInDialog.obj
         Release\moc_SH_MainToolBar.obj
         Release\moc_sh_mainwindow.obj
         Release\main.obj
         Release\SH_LogInDialog.obj
         Release\SH_MainToolBar.obj
         Release\sh_mainwindow.obj
         Release\SH_User.obj
     1>Release\moc_SH_MainToolBar.obj : warning LNK4042: object specified more than once; extras ignored
         StudioHub.vcxproj -> C:\Users\Administrator\Documents\Visual Studio 2013\Projects\StudioHub\Win32\Release\StudioHub.exe
     1>Done Building Project "C:\Users\Administrator\Documents\Visual Studio 2013\Projects\StudioHub\StudioHub.vcxproj" (Build target(s)).

Build succeeded.

Time Elapsed 00:00:06.98
